<?xml version="1.0" encoding="UTF-8"?>
<!-- Generated by org.testng.reporters.JUnitReportReporter -->
<testsuite hostname="Veena-Manjunath" failures="0" tests="5" name="FrameWork.TestNGExcutingSamemethodmutipletimes" time="0.047" errors="0" timestamp="2024-03-20T12:23:39 IST" skipped="0">
  <testcase classname="FrameWork.TestNGExcutingSamemethodmutipletimes" name="modiflycontact" time="0.002"/>
  <testcase classname="FrameWork.TestNGExcutingSamemethodmutipletimes" name="createcontact" time="0.008"/>
  <testcase classname="FrameWork.TestNGExcutingSamemethodmutipletimes" name="createcontact" time="0.005"/>
  <testcase classname="FrameWork.TestNGExcutingSamemethodmutipletimes" name="deletcontact" time="0.006"/>
  <testcase classname="FrameWork.TestNGExcutingSamemethodmutipletimes" name="createcontact" time="0.026"/>
</testsuite> <!-- FrameWork.TestNGExcutingSamemethodmutipletimes -->
