<?xml version="1.0" encoding="UTF-8"?>
<!-- Generated by org.testng.reporters.JUnitReportReporter -->
<testsuite hostname="Veena-Manjunath" failures="0" tests="1" name="PopUps.Authenticationpopup" time="7.557" errors="0" timestamp="2024-04-22T20:52:12 IST" skipped="0">
  <testcase classname="PopUps.Authenticationpopup" name="authentice" time="7.557"/>
</testsuite> <!-- PopUps.Authenticationpopup -->
