<?xml version="1.0" encoding="UTF-8"?>
<!-- Generated by org.testng.reporters.JUnitReportReporter -->
<testsuite hostname="Veena-Manjunath" failures="0" tests="1" name="FrameWork.TakeScreenshot" time="9.227" errors="0" timestamp="2024-03-22T11:51:50 IST" skipped="0">
  <testcase classname="FrameWork.TakeScreenshot" name="takescreenshot" time="9.227"/>
</testsuite> <!-- FrameWork.TakeScreenshot -->
