<?xml version="1.0" encoding="UTF-8"?>
<!-- Generated by org.testng.reporters.JUnitReportReporter -->
<testsuite hostname="Veena-Manjunath" failures="0" tests="1" name="AdvanceScenarioes.Autosuggestions" time="27.937" errors="0" timestamp="2024-03-21T12:30:47 IST" skipped="0">
  <testcase classname="AdvanceScenarioes.Autosuggestions" name="auto" time="27.937"/>
</testsuite> <!-- AdvanceScenarioes.Autosuggestions -->
