<?xml version="1.0" encoding="UTF-8"?>
<!-- Generated by org.testng.reporters.JUnitReportReporter -->
<testsuite hostname="Veena-Manjunath" failures="0" tests="1" name="ptc.Assigment1" time="15.395" errors="0" timestamp="2024-03-19T12:38:54 IST" skipped="0">
  <testcase classname="ptc.Assigment1" name="Assigment1" time="15.395"/>
</testsuite> <!-- ptc.Assigment1 -->
