<?xml version="1.0" encoding="UTF-8"?>
<!-- Generated by org.testng.reporters.JUnitReportReporter -->
<testsuite hostname="Veena-Manjunath" failures="0" tests="1" name="AdvanceScenarioes.HAndlingScrollBarUsingJavaScriptExecutor" time="24.385" errors="0" timestamp="2024-03-21T12:30:47 IST" skipped="0">
  <testcase classname="AdvanceScenarioes.HAndlingScrollBarUsingJavaScriptExecutor" name="method1" time="24.385"/>
</testsuite> <!-- AdvanceScenarioes.HAndlingScrollBarUsingJavaScriptExecutor -->
