<?xml version="1.0" encoding="UTF-8"?>
<!-- Generated by org.testng.reporters.JUnitReportReporter -->
<testsuite hostname="Veena-Manjunath" failures="0" tests="3" name="FrameWork.TestNgImplementation" time="0.037" errors="0" timestamp="2024-03-19T12:57:59 IST" skipped="0">
  <testcase classname="FrameWork.TestNgImplementation" name="deletcontact" time="0.023"/>
  <testcase classname="FrameWork.TestNgImplementation" name="modiflycontact" time="0.005"/>
  <testcase classname="FrameWork.TestNgImplementation" name="createcontact" time="0.009"/>
</testsuite> <!-- FrameWork.TestNgImplementation -->
